<?xml version="1.0" encoding="UTF-8"?>
<!-- Generated by org.testng.reporters.JUnitXMLReporter -->
<testsuite ignored="0" hostname="LAPTOP-I7J4S3QJ" failures="0" tests="7" name="Surefire test" time="157.677" errors="0" timestamp="2023-09-21T21:08:14 IST">
  <testcase classname="com.insentai.zoominfo.tests.ZoomInfoChatTest" name="testBotVisibility" time="0.079"/>
  <testcase classname="com.insentai.zoominfo.tests.ZoomInfoChatTest" name="testBotWelcomeMessage" time="1.871"/>
  <testcase classname="com.insentai.zoominfo.tests.ZoomInfoChatTest" name="testInvalidEmailDataAndErrorMessage" time="4.182"/>
  <testcase classname="com.insentai.zoominfo.tests.ZoomInfoChatTest" name="testValidEmailDataAndErrorMessage" time="4.222"/>
  <testcase classname="com.insentai.zoominfo.tests.ZoomInfoChatTest" name="testRestartConversation" time="10.907"/>
  <testcase classname="com.insentai.zoominfo.tests.ZoomInfoChatTest" name="testCloseAndOpenChat" time="15.58"/>
  <testcase classname="com.insentai.zoominfo.tests.ZoomInfoChatTest" name="testOpenNewTabAndReturnToChat" time="28.279"/>
</testsuite> <!-- Surefire test -->
