<?xml version="1.0" encoding="UTF-8"?>
<!-- Generated by org.testng.reporters.JUnitXMLReporter -->
<testsuite ignored="0" hostname="LAPTOP-I7J4S3QJ" failures="0" tests="7" name="Surefire test" time="154.191" errors="0" timestamp="2023-09-22T12:03:13 IST">
  <testcase classname="com.insentai.zoominfo.tests.ZoomInfoChatTest" name="testBotVisibility" time="0.086"/>
  <testcase classname="com.insentai.zoominfo.tests.ZoomInfoChatTest" name="testBotWelcomeMessage" time="1.964"/>
  <testcase classname="com.insentai.zoominfo.tests.ZoomInfoChatTest" name="testInvalidEmailDataAndErrorMessage" time="4.436"/>
  <testcase classname="com.insentai.zoominfo.tests.ZoomInfoChatTest" name="testValidEmailDataAndErrorMessage" time="4.159"/>
  <testcase classname="com.insentai.zoominfo.tests.ZoomInfoChatTest" name="testRestartConversation" time="10.681"/>
  <testcase classname="com.insentai.zoominfo.tests.ZoomInfoChatTest" name="testCloseAndOpenChat" time="15.398"/>
  <testcase classname="com.insentai.zoominfo.tests.ZoomInfoChatTest" name="testOpenNewTabAndReturnToChat" time="28.071"/>
</testsuite> <!-- Surefire test -->
