<?xml version="1.0" encoding="UTF-8"?>
<testng-results ignored="0" total="7" passed="7" failed="0" skipped="0">
  <reporter-output>
  </reporter-output>
  <suite started-at="2023-09-21T21:05:37 IST" name="Surefire suite" finished-at="2023-09-21T21:08:14 IST" duration-ms="157677">
    <groups>
    </groups>
    <test started-at="2023-09-21T21:05:37 IST" name="Surefire test" finished-at="2023-09-21T21:08:14 IST" duration-ms="157677">
      <class name="com.insentai.zoominfo.tests.ZoomInfoChatTest">
        <test-method is-config="true" signature="setUp()[pri:0, instance:com.insentai.zoominfo.tests.ZoomInfoChatTest@7354b8c5]" started-at="2023-09-21T21:05:37 IST" name="setUp" finished-at="2023-09-21T21:05:51 IST" duration-ms="13766" status="PASS">
          <reporter-output>
          </reporter-output>
        </test-method> <!-- setUp -->
        <test-method signature="testBotVisibility()[pri:1, instance:com.insentai.zoominfo.tests.ZoomInfoChatTest@7354b8c5]" started-at="2023-09-21T21:05:51 IST" name="testBotVisibility" finished-at="2023-09-21T21:05:51 IST" duration-ms="79" status="PASS">
          <reporter-output>
          </reporter-output>
        </test-method> <!-- testBotVisibility -->
        <test-method is-config="true" signature="tearDown()[pri:0, instance:com.insentai.zoominfo.tests.ZoomInfoChatTest@7354b8c5]" started-at="2023-09-21T21:05:51 IST" name="tearDown" finished-at="2023-09-21T21:05:51 IST" duration-ms="109" status="PASS">
          <reporter-output>
          </reporter-output>
        </test-method> <!-- tearDown -->
        <test-method is-config="true" signature="setUp()[pri:0, instance:com.insentai.zoominfo.tests.ZoomInfoChatTest@7354b8c5]" started-at="2023-09-21T21:05:51 IST" name="setUp" finished-at="2023-09-21T21:06:04 IST" duration-ms="12722" status="PASS">
          <reporter-output>
          </reporter-output>
        </test-method> <!-- setUp -->
        <test-method signature="testBotWelcomeMessage()[pri:2, instance:com.insentai.zoominfo.tests.ZoomInfoChatTest@7354b8c5]" started-at="2023-09-21T21:06:04 IST" name="testBotWelcomeMessage" finished-at="2023-09-21T21:06:05 IST" duration-ms="1871" status="PASS">
          <reporter-output>
          </reporter-output>
        </test-method> <!-- testBotWelcomeMessage -->
        <test-method is-config="true" signature="tearDown()[pri:0, instance:com.insentai.zoominfo.tests.ZoomInfoChatTest@7354b8c5]" started-at="2023-09-21T21:06:05 IST" name="tearDown" finished-at="2023-09-21T21:06:06 IST" duration-ms="105" status="PASS">
          <reporter-output>
          </reporter-output>
        </test-method> <!-- tearDown -->
        <test-method is-config="true" signature="setUp()[pri:0, instance:com.insentai.zoominfo.tests.ZoomInfoChatTest@7354b8c5]" started-at="2023-09-21T21:06:06 IST" name="setUp" finished-at="2023-09-21T21:06:18 IST" duration-ms="12458" status="PASS">
          <reporter-output>
          </reporter-output>
        </test-method> <!-- setUp -->
        <test-method signature="testInvalidEmailDataAndErrorMessage()[pri:3, instance:com.insentai.zoominfo.tests.ZoomInfoChatTest@7354b8c5]" started-at="2023-09-21T21:06:18 IST" name="testInvalidEmailDataAndErrorMessage" finished-at="2023-09-21T21:06:22 IST" duration-ms="4182" status="PASS">
          <reporter-output>
          </reporter-output>
        </test-method> <!-- testInvalidEmailDataAndErrorMessage -->
        <test-method is-config="true" signature="tearDown()[pri:0, instance:com.insentai.zoominfo.tests.ZoomInfoChatTest@7354b8c5]" started-at="2023-09-21T21:06:22 IST" name="tearDown" finished-at="2023-09-21T21:06:22 IST" duration-ms="92" status="PASS">
          <reporter-output>
          </reporter-output>
        </test-method> <!-- tearDown -->
        <test-method is-config="true" signature="setUp()[pri:0, instance:com.insentai.zoominfo.tests.ZoomInfoChatTest@7354b8c5]" started-at="2023-09-21T21:06:22 IST" name="setUp" finished-at="2023-09-21T21:06:34 IST" duration-ms="11964" status="PASS">
          <reporter-output>
          </reporter-output>
        </test-method> <!-- setUp -->
        <test-method signature="testValidEmailDataAndErrorMessage()[pri:4, instance:com.insentai.zoominfo.tests.ZoomInfoChatTest@7354b8c5]" started-at="2023-09-21T21:06:34 IST" name="testValidEmailDataAndErrorMessage" finished-at="2023-09-21T21:06:39 IST" duration-ms="4222" status="PASS">
          <reporter-output>
          </reporter-output>
        </test-method> <!-- testValidEmailDataAndErrorMessage -->
        <test-method is-config="true" signature="tearDown()[pri:0, instance:com.insentai.zoominfo.tests.ZoomInfoChatTest@7354b8c5]" started-at="2023-09-21T21:06:39 IST" name="tearDown" finished-at="2023-09-21T21:06:39 IST" duration-ms="102" status="PASS">
          <reporter-output>
          </reporter-output>
        </test-method> <!-- tearDown -->
        <test-method is-config="true" signature="setUp()[pri:0, instance:com.insentai.zoominfo.tests.ZoomInfoChatTest@7354b8c5]" started-at="2023-09-21T21:06:39 IST" name="setUp" finished-at="2023-09-21T21:06:52 IST" duration-ms="13524" status="PASS">
          <reporter-output>
          </reporter-output>
        </test-method> <!-- setUp -->
        <test-method signature="testRestartConversation()[pri:5, instance:com.insentai.zoominfo.tests.ZoomInfoChatTest@7354b8c5]" started-at="2023-09-21T21:06:52 IST" name="testRestartConversation" finished-at="2023-09-21T21:07:03 IST" duration-ms="10907" status="PASS">
          <reporter-output>
          </reporter-output>
        </test-method> <!-- testRestartConversation -->
        <test-method is-config="true" signature="tearDown()[pri:0, instance:com.insentai.zoominfo.tests.ZoomInfoChatTest@7354b8c5]" started-at="2023-09-21T21:07:03 IST" name="tearDown" finished-at="2023-09-21T21:07:03 IST" duration-ms="124" status="PASS">
          <reporter-output>
          </reporter-output>
        </test-method> <!-- tearDown -->
        <test-method is-config="true" signature="setUp()[pri:0, instance:com.insentai.zoominfo.tests.ZoomInfoChatTest@7354b8c5]" started-at="2023-09-21T21:07:03 IST" name="setUp" finished-at="2023-09-21T21:07:17 IST" duration-ms="14152" status="PASS">
          <reporter-output>
          </reporter-output>
        </test-method> <!-- setUp -->
        <test-method signature="testCloseAndOpenChat()[pri:6, instance:com.insentai.zoominfo.tests.ZoomInfoChatTest@7354b8c5]" started-at="2023-09-21T21:07:17 IST" name="testCloseAndOpenChat" finished-at="2023-09-21T21:07:33 IST" duration-ms="15580" status="PASS">
          <reporter-output>
          </reporter-output>
        </test-method> <!-- testCloseAndOpenChat -->
        <test-method is-config="true" signature="tearDown()[pri:0, instance:com.insentai.zoominfo.tests.ZoomInfoChatTest@7354b8c5]" started-at="2023-09-21T21:07:33 IST" name="tearDown" finished-at="2023-09-21T21:07:33 IST" duration-ms="90" status="PASS">
          <reporter-output>
          </reporter-output>
        </test-method> <!-- tearDown -->
        <test-method is-config="true" signature="setUp()[pri:0, instance:com.insentai.zoominfo.tests.ZoomInfoChatTest@7354b8c5]" started-at="2023-09-21T21:07:33 IST" name="setUp" finished-at="2023-09-21T21:07:46 IST" duration-ms="13051" status="PASS">
          <reporter-output>
          </reporter-output>
        </test-method> <!-- setUp -->
        <test-method signature="testOpenNewTabAndReturnToChat()[pri:7, instance:com.insentai.zoominfo.tests.ZoomInfoChatTest@7354b8c5]" started-at="2023-09-21T21:07:46 IST" name="testOpenNewTabAndReturnToChat" finished-at="2023-09-21T21:08:14 IST" duration-ms="28279" status="PASS">
          <reporter-output>
          </reporter-output>
        </test-method> <!-- testOpenNewTabAndReturnToChat -->
        <test-method is-config="true" signature="tearDown()[pri:0, instance:com.insentai.zoominfo.tests.ZoomInfoChatTest@7354b8c5]" started-at="2023-09-21T21:08:14 IST" name="tearDown" finished-at="2023-09-21T21:08:14 IST" duration-ms="91" status="PASS">
          <reporter-output>
          </reporter-output>
        </test-method> <!-- tearDown -->
      </class> <!-- com.insentai.zoominfo.tests.ZoomInfoChatTest -->
    </test> <!-- Surefire test -->
  </suite> <!-- Surefire suite -->
</testng-results>
