<?xml version="1.0" encoding="UTF-8"?>
<testng-results ignored="0" total="7" passed="7" failed="0" skipped="0">
  <reporter-output>
  </reporter-output>
  <suite started-at="2023-09-21T21:31:40 IST" name="Surefire suite" finished-at="2023-09-21T21:34:17 IST" duration-ms="156911">
    <groups>
    </groups>
    <test started-at="2023-09-21T21:31:40 IST" name="Surefire test" finished-at="2023-09-21T21:34:17 IST" duration-ms="156911">
      <class name="com.insentai.zoominfo.tests.ZoomInfoChatTest">
        <test-method is-config="true" signature="setUp()[pri:0, instance:com.insentai.zoominfo.tests.ZoomInfoChatTest@1c39680d]" started-at="2023-09-21T21:31:40 IST" name="setUp" finished-at="2023-09-21T21:31:54 IST" duration-ms="13899" status="PASS">
          <reporter-output>
          </reporter-output>
        </test-method> <!-- setUp -->
        <test-method signature="testBotVisibility()[pri:1, instance:com.insentai.zoominfo.tests.ZoomInfoChatTest@1c39680d]" started-at="2023-09-21T21:31:54 IST" name="testBotVisibility" finished-at="2023-09-21T21:31:54 IST" duration-ms="47" status="PASS">
          <reporter-output>
          </reporter-output>
        </test-method> <!-- testBotVisibility -->
        <test-method is-config="true" signature="tearDown()[pri:0, instance:com.insentai.zoominfo.tests.ZoomInfoChatTest@1c39680d]" started-at="2023-09-21T21:31:54 IST" name="tearDown" finished-at="2023-09-21T21:31:55 IST" duration-ms="176" status="PASS">
          <reporter-output>
          </reporter-output>
        </test-method> <!-- tearDown -->
        <test-method is-config="true" signature="setUp()[pri:0, instance:com.insentai.zoominfo.tests.ZoomInfoChatTest@1c39680d]" started-at="2023-09-21T21:31:55 IST" name="setUp" finished-at="2023-09-21T21:32:07 IST" duration-ms="12630" status="PASS">
          <reporter-output>
          </reporter-output>
        </test-method> <!-- setUp -->
        <test-method signature="testBotWelcomeMessage()[pri:2, instance:com.insentai.zoominfo.tests.ZoomInfoChatTest@1c39680d]" started-at="2023-09-21T21:32:07 IST" name="testBotWelcomeMessage" finished-at="2023-09-21T21:32:09 IST" duration-ms="1940" status="PASS">
          <reporter-output>
          </reporter-output>
        </test-method> <!-- testBotWelcomeMessage -->
        <test-method is-config="true" signature="tearDown()[pri:0, instance:com.insentai.zoominfo.tests.ZoomInfoChatTest@1c39680d]" started-at="2023-09-21T21:32:09 IST" name="tearDown" finished-at="2023-09-21T21:32:09 IST" duration-ms="242" status="PASS">
          <reporter-output>
          </reporter-output>
        </test-method> <!-- tearDown -->
        <test-method is-config="true" signature="setUp()[pri:0, instance:com.insentai.zoominfo.tests.ZoomInfoChatTest@1c39680d]" started-at="2023-09-21T21:32:09 IST" name="setUp" finished-at="2023-09-21T21:32:22 IST" duration-ms="12611" status="PASS">
          <reporter-output>
          </reporter-output>
        </test-method> <!-- setUp -->
        <test-method signature="testInvalidEmailDataAndErrorMessage()[pri:3, instance:com.insentai.zoominfo.tests.ZoomInfoChatTest@1c39680d]" started-at="2023-09-21T21:32:22 IST" name="testInvalidEmailDataAndErrorMessage" finished-at="2023-09-21T21:32:28 IST" duration-ms="5874" status="PASS">
          <reporter-output>
          </reporter-output>
        </test-method> <!-- testInvalidEmailDataAndErrorMessage -->
        <test-method is-config="true" signature="tearDown()[pri:0, instance:com.insentai.zoominfo.tests.ZoomInfoChatTest@1c39680d]" started-at="2023-09-21T21:32:28 IST" name="tearDown" finished-at="2023-09-21T21:32:28 IST" duration-ms="254" status="PASS">
          <reporter-output>
          </reporter-output>
        </test-method> <!-- tearDown -->
        <test-method is-config="true" signature="setUp()[pri:0, instance:com.insentai.zoominfo.tests.ZoomInfoChatTest@1c39680d]" started-at="2023-09-21T21:32:28 IST" name="setUp" finished-at="2023-09-21T21:32:40 IST" duration-ms="11913" status="PASS">
          <reporter-output>
          </reporter-output>
        </test-method> <!-- setUp -->
        <test-method signature="testValidEmailDataAndErrorMessage()[pri:4, instance:com.insentai.zoominfo.tests.ZoomInfoChatTest@1c39680d]" started-at="2023-09-21T21:32:40 IST" name="testValidEmailDataAndErrorMessage" finished-at="2023-09-21T21:32:43 IST" duration-ms="3282" status="PASS">
          <reporter-output>
          </reporter-output>
        </test-method> <!-- testValidEmailDataAndErrorMessage -->
        <test-method is-config="true" signature="tearDown()[pri:0, instance:com.insentai.zoominfo.tests.ZoomInfoChatTest@1c39680d]" started-at="2023-09-21T21:32:43 IST" name="tearDown" finished-at="2023-09-21T21:32:44 IST" duration-ms="225" status="PASS">
          <reporter-output>
          </reporter-output>
        </test-method> <!-- tearDown -->
        <test-method is-config="true" signature="setUp()[pri:0, instance:com.insentai.zoominfo.tests.ZoomInfoChatTest@1c39680d]" started-at="2023-09-21T21:32:44 IST" name="setUp" finished-at="2023-09-21T21:32:56 IST" duration-ms="12508" status="PASS">
          <reporter-output>
          </reporter-output>
        </test-method> <!-- setUp -->
        <test-method signature="testRestartConversation()[pri:5, instance:com.insentai.zoominfo.tests.ZoomInfoChatTest@1c39680d]" started-at="2023-09-21T21:32:56 IST" name="testRestartConversation" finished-at="2023-09-21T21:33:08 IST" duration-ms="11955" status="PASS">
          <reporter-output>
          </reporter-output>
        </test-method> <!-- testRestartConversation -->
        <test-method is-config="true" signature="tearDown()[pri:0, instance:com.insentai.zoominfo.tests.ZoomInfoChatTest@1c39680d]" started-at="2023-09-21T21:33:08 IST" name="tearDown" finished-at="2023-09-21T21:33:08 IST" duration-ms="227" status="PASS">
          <reporter-output>
          </reporter-output>
        </test-method> <!-- tearDown -->
        <test-method is-config="true" signature="setUp()[pri:0, instance:com.insentai.zoominfo.tests.ZoomInfoChatTest@1c39680d]" started-at="2023-09-21T21:33:08 IST" name="setUp" finished-at="2023-09-21T21:33:21 IST" duration-ms="12597" status="PASS">
          <reporter-output>
          </reporter-output>
        </test-method> <!-- setUp -->
        <test-method signature="testCloseAndOpenChat()[pri:6, instance:com.insentai.zoominfo.tests.ZoomInfoChatTest@1c39680d]" started-at="2023-09-21T21:33:21 IST" name="testCloseAndOpenChat" finished-at="2023-09-21T21:33:37 IST" duration-ms="15652" status="PASS">
          <reporter-output>
          </reporter-output>
        </test-method> <!-- testCloseAndOpenChat -->
        <test-method is-config="true" signature="tearDown()[pri:0, instance:com.insentai.zoominfo.tests.ZoomInfoChatTest@1c39680d]" started-at="2023-09-21T21:33:37 IST" name="tearDown" finished-at="2023-09-21T21:33:37 IST" duration-ms="238" status="PASS">
          <reporter-output>
          </reporter-output>
        </test-method> <!-- tearDown -->
        <test-method is-config="true" signature="setUp()[pri:0, instance:com.insentai.zoominfo.tests.ZoomInfoChatTest@1c39680d]" started-at="2023-09-21T21:33:37 IST" name="setUp" finished-at="2023-09-21T21:33:50 IST" duration-ms="12866" status="PASS">
          <reporter-output>
          </reporter-output>
        </test-method> <!-- setUp -->
        <test-method signature="testOpenNewTabAndReturnToChat()[pri:7, instance:com.insentai.zoominfo.tests.ZoomInfoChatTest@1c39680d]" started-at="2023-09-21T21:33:50 IST" name="testOpenNewTabAndReturnToChat" finished-at="2023-09-21T21:34:17 IST" duration-ms="27412" status="PASS">
          <reporter-output>
          </reporter-output>
        </test-method> <!-- testOpenNewTabAndReturnToChat -->
        <test-method is-config="true" signature="tearDown()[pri:0, instance:com.insentai.zoominfo.tests.ZoomInfoChatTest@1c39680d]" started-at="2023-09-21T21:34:17 IST" name="tearDown" finished-at="2023-09-21T21:34:17 IST" duration-ms="199" status="PASS">
          <reporter-output>
          </reporter-output>
        </test-method> <!-- tearDown -->
      </class> <!-- com.insentai.zoominfo.tests.ZoomInfoChatTest -->
    </test> <!-- Surefire test -->
  </suite> <!-- Surefire suite -->
</testng-results>
